<?xml version="1.0" encoding="UTF-8"?>
<testng-results skipped="0" failed="0" ignored="0" total="1" passed="1">
  <reporter-output>
  </reporter-output>
  <suite name="Suite" duration-ms="13013" started-at="2020-05-20T21:50:02Z" finished-at="2020-05-20T21:50:15Z">
    <groups>
    </groups>
    <test name="Test" duration-ms="13013" started-at="2020-05-20T21:50:02Z" finished-at="2020-05-20T21:50:15Z">
      <class name="Test_Scripts.Calculator_testcase">
        <test-method status="PASS" signature="setup()[pri:0, instance:Test_Scripts.Calculator_testcase@5442a311]" name="setup" is-config="true" duration-ms="8790" started-at="2020-05-20T21:50:02Z" finished-at="2020-05-20T21:50:11Z">
          <reporter-output>
          </reporter-output>
        </test-method> <!-- setup -->
        <test-method status="PASS" signature="sum()[pri:0, instance:Test_Scripts.Calculator_testcase@5442a311]" name="sum" duration-ms="3696" started-at="2020-05-20T21:50:11Z" finished-at="2020-05-20T21:50:14Z">
          <reporter-output>
          </reporter-output>
        </test-method> <!-- sum -->
        <test-method status="PASS" signature="appclose()[pri:0, instance:Test_Scripts.Calculator_testcase@5442a311]" name="appclose" is-config="true" duration-ms="490" started-at="2020-05-20T21:50:14Z" finished-at="2020-05-20T21:50:15Z">
          <reporter-output>
          </reporter-output>
        </test-method> <!-- appclose -->
      </class> <!-- Test_Scripts.Calculator_testcase -->
    </test> <!-- Test -->
  </suite> <!-- Suite -->
</testng-results>
